2020-04-13 12:36:41,638 WARN o.s.j.x.p.SBMLCoreParser [main] No Species matches the speciesID 'C*' of speciesReference ''.
2020-04-13 12:36:41,640 WARN o.s.j.x.p.SBMLCoreParser [main] No Species matches the speciesID 'C*' of speciesReference ''.
2020-04-13 12:36:41,640 WARN o.s.j.x.p.SBMLCoreParser [main] No Species matches the speciesID 'C*' of speciesReference ''.
2020-04-13 12:36:41,640 WARN o.s.j.x.p.SBMLCoreParser [main] No Species matches the speciesID 'C*A1' of speciesReference ''.
2020-04-13 12:36:41,641 WARN o.s.j.x.p.SBMLCoreParser [main] No Species matches the speciesID 'C*A1' of speciesReference ''.
2020-04-13 12:36:41,641 WARN o.s.j.x.p.SBMLCoreParser [main] No Species matches the speciesID 'C*' of speciesReference ''.
2020-04-13 12:36:41,641 WARN o.s.j.x.p.SBMLCoreParser [main] No Species matches the speciesID 'C*A1' of speciesReference ''.
2020-04-13 12:36:41,641 WARN o.s.j.x.p.SBMLCoreParser [main] No Species matches the speciesID 'E0*' of speciesReference ''.
2020-04-13 12:36:41,642 WARN o.s.j.x.p.SBMLCoreParser [main] No Species matches the speciesID 'E0*' of speciesReference ''.
2020-04-13 12:36:41,642 WARN o.s.j.x.p.SBMLCoreParser [main] No Species matches the speciesID 'C*A1' of speciesReference ''.
2020-04-13 12:36:41,642 WARN o.s.j.x.p.SBMLCoreParser [main] No Species matches the speciesID 'C*' of speciesReference ''.
2020-04-13 12:36:41,642 WARN o.s.j.x.p.SBMLCoreParser [main] No Species matches the speciesID 'E0*' of speciesReference ''.
2020-04-13 12:36:41,643 WARN o.s.j.x.p.SBMLCoreParser [main] No Species matches the speciesID 'E0*' of speciesReference ''.
2020-04-13 12:36:41,643 WARN o.s.j.x.p.SBMLCoreParser [main] No Species matches the speciesID 'C*' of speciesReference ''.
2020-04-13 12:36:41,643 WARN o.s.j.x.p.SBMLCoreParser [main] No Species matches the speciesID 'E0*' of speciesReference ''.
2020-04-13 12:36:41,643 WARN o.s.j.x.p.SBMLCoreParser [main] No Species matches the speciesID 'E1E0*' of speciesReference ''.
2020-04-13 12:36:41,644 WARN o.s.j.x.p.SBMLCoreParser [main] No Species matches the speciesID 'E1E0*' of speciesReference ''.
2020-04-13 12:36:41,644 WARN o.s.j.x.p.SBMLCoreParser [main] No Species matches the speciesID 'E0*' of speciesReference ''.
2020-04-13 12:36:41,644 WARN o.s.j.x.p.SBMLCoreParser [main] No Species matches the speciesID 'E1E0*' of speciesReference ''.
2020-04-13 12:36:41,644 WARN o.s.j.x.p.SBMLCoreParser [main] No Species matches the speciesID 'E0*' of speciesReference ''.
2020-04-13 12:36:41,645 WARN o.s.j.x.p.SBMLCoreParser [main] No Species matches the speciesID 'E1*' of speciesReference ''.
2020-04-13 12:36:41,645 WARN o.s.j.x.p.SBMLCoreParser [main] No Species matches the speciesID 'E1*' of speciesReference ''.
2020-04-13 12:36:41,645 WARN o.s.j.x.p.SBMLCoreParser [main] No Species matches the speciesID 'E1*P1' of speciesReference ''.
2020-04-13 12:36:41,645 WARN o.s.j.x.p.SBMLCoreParser [main] No Species matches the speciesID 'E1*P1' of speciesReference ''.
2020-04-13 12:36:41,646 WARN o.s.j.x.p.SBMLCoreParser [main] No Species matches the speciesID 'E1*' of speciesReference ''.
2020-04-13 12:36:41,646 WARN o.s.j.x.p.SBMLCoreParser [main] No Species matches the speciesID 'E1*P1' of speciesReference ''.
2020-04-13 12:36:41,646 WARN o.s.j.x.p.SBMLCoreParser [main] No Species matches the speciesID 'E1*' of speciesReference ''.
2020-04-13 12:36:41,646 WARN o.s.j.x.p.SBMLCoreParser [main] No Species matches the speciesID 'E2E1*' of speciesReference ''.
2020-04-13 12:36:41,647 WARN o.s.j.x.p.SBMLCoreParser [main] No Species matches the speciesID 'E2E1*' of speciesReference ''.
2020-04-13 12:36:41,647 WARN o.s.j.x.p.SBMLCoreParser [main] No Species matches the speciesID 'E1*' of speciesReference ''.
2020-04-13 12:36:41,647 WARN o.s.j.x.p.SBMLCoreParser [main] No Species matches the speciesID 'E2E1*' of speciesReference ''.
2020-04-13 12:36:41,647 WARN o.s.j.x.p.SBMLCoreParser [main] No Species matches the speciesID 'E1*' of speciesReference ''.
2020-04-13 12:36:41,648 WARN o.s.j.x.p.SBMLCoreParser [main] No Species matches the speciesID 'E2*' of speciesReference ''.
2020-04-13 12:36:41,648 WARN o.s.j.x.p.SBMLCoreParser [main] No Species matches the speciesID 'E2*' of speciesReference ''.
2020-04-13 12:36:41,648 WARN o.s.j.x.p.SBMLCoreParser [main] No Species matches the speciesID 'E2*P2' of speciesReference ''.
2020-04-13 12:36:41,648 WARN o.s.j.x.p.SBMLCoreParser [main] No Species matches the speciesID 'E2*P2' of speciesReference ''.
2020-04-13 12:36:41,649 WARN o.s.j.x.p.SBMLCoreParser [main] No Species matches the speciesID 'E2*' of speciesReference ''.
2020-04-13 12:36:41,649 WARN o.s.j.x.p.SBMLCoreParser [main] No Species matches the speciesID 'E2*P2' of speciesReference ''.
2020-04-13 12:36:41,649 WARN o.s.j.x.p.SBMLCoreParser [main] No Species matches the speciesID 'E2*' of speciesReference ''.
2020-04-13 12:36:41,649 WARN o.s.j.x.p.SBMLCoreParser [main] No Species matches the speciesID 'E3E2*' of speciesReference ''.
2020-04-13 12:36:41,649 WARN o.s.j.x.p.SBMLCoreParser [main] No Species matches the speciesID 'E3E2*' of speciesReference ''.
2020-04-13 12:36:41,650 WARN o.s.j.x.p.SBMLCoreParser [main] No Species matches the speciesID 'E2*' of speciesReference ''.
2020-04-13 12:36:41,650 WARN o.s.j.x.p.SBMLCoreParser [main] No Species matches the speciesID 'E3E2*' of speciesReference ''.
2020-04-13 12:36:41,650 WARN o.s.j.x.p.SBMLCoreParser [main] No Species matches the speciesID 'E2*' of speciesReference ''.
2020-04-13 12:36:41,650 WARN o.s.j.x.p.SBMLCoreParser [main] No Species matches the speciesID 'E3*' of speciesReference ''.
2020-04-13 12:36:41,651 WARN o.s.j.x.p.SBMLCoreParser [main] No Species matches the speciesID 'E3*' of speciesReference ''.
2020-04-13 12:36:41,651 WARN o.s.j.x.p.SBMLCoreParser [main] No Species matches the speciesID 'E3*P3' of speciesReference ''.
2020-04-13 12:36:41,651 WARN o.s.j.x.p.SBMLCoreParser [main] No Species matches the speciesID 'E3*P3' of speciesReference ''.
2020-04-13 12:36:41,651 WARN o.s.j.x.p.SBMLCoreParser [main] No Species matches the speciesID 'E3*' of speciesReference ''.
2020-04-13 12:36:41,652 WARN o.s.j.x.p.SBMLCoreParser [main] No Species matches the speciesID 'E3*P3' of speciesReference ''.
2020-04-13 12:36:41,652 WARN o.s.j.x.p.SBMLCoreParser [main] No Species matches the speciesID 'E3*' of speciesReference ''.
2020-04-13 12:36:41,652 WARN o.s.j.x.p.SBMLCoreParser [main] No Species matches the speciesID 'E4E3*' of speciesReference ''.
2020-04-13 12:36:41,652 WARN o.s.j.x.p.SBMLCoreParser [main] No Species matches the speciesID 'E4E3*' of speciesReference ''.
2020-04-13 12:36:41,652 WARN o.s.j.x.p.SBMLCoreParser [main] No Species matches the speciesID 'E3*' of speciesReference ''.
2020-04-13 12:36:41,653 WARN o.s.j.x.p.SBMLCoreParser [main] No Species matches the speciesID 'E4E3*' of speciesReference ''.
2020-04-13 12:36:41,653 WARN o.s.j.x.p.SBMLCoreParser [main] No Species matches the speciesID 'E3*' of speciesReference ''.
2020-04-13 12:36:41,653 WARN o.s.j.x.p.SBMLCoreParser [main] No Species matches the speciesID 'E4*' of speciesReference ''.
2020-04-13 12:36:41,654 WARN o.s.j.x.p.SBMLCoreParser [main] No Species matches the speciesID 'E4*' of speciesReference ''.
2020-04-13 12:36:41,654 WARN o.s.j.x.p.SBMLCoreParser [main] No Species matches the speciesID 'E4*P4' of speciesReference ''.
2020-04-13 12:36:41,654 WARN o.s.j.x.p.SBMLCoreParser [main] No Species matches the speciesID 'E4*P4' of speciesReference ''.
2020-04-13 12:36:41,654 WARN o.s.j.x.p.SBMLCoreParser [main] No Species matches the speciesID 'E4*' of speciesReference ''.
2020-04-13 12:36:41,654 WARN o.s.j.x.p.SBMLCoreParser [main] No Species matches the speciesID 'E4*P4' of speciesReference ''.
2020-04-13 12:36:41,655 WARN o.s.j.x.p.SBMLCoreParser [main] No Species matches the speciesID 'E4*' of speciesReference ''.
2020-04-13 12:36:41,655 WARN o.s.j.x.p.SBMLCoreParser [main] No Species matches the speciesID 'E5E4*' of speciesReference ''.
2020-04-13 12:36:41,655 WARN o.s.j.x.p.SBMLCoreParser [main] No Species matches the speciesID 'E5E4*' of speciesReference ''.
2020-04-13 12:36:41,656 WARN o.s.j.x.p.SBMLCoreParser [main] No Species matches the speciesID 'E4*' of speciesReference ''.
2020-04-13 12:36:41,656 WARN o.s.j.x.p.SBMLCoreParser [main] No Species matches the speciesID 'E5E4*' of speciesReference ''.
2020-04-13 12:36:41,656 WARN o.s.j.x.p.SBMLCoreParser [main] No Species matches the speciesID 'E4*' of speciesReference ''.
2020-04-13 12:36:41,656 WARN o.s.j.x.p.SBMLCoreParser [main] No Species matches the speciesID 'E5*' of speciesReference ''.
2020-04-13 12:36:41,657 WARN o.s.j.x.p.SBMLCoreParser [main] No Species matches the speciesID 'E5*' of speciesReference ''.
2020-04-13 12:36:41,657 WARN o.s.j.x.p.SBMLCoreParser [main] No Species matches the speciesID 'E5*P5' of speciesReference ''.
2020-04-13 12:36:41,657 WARN o.s.j.x.p.SBMLCoreParser [main] No Species matches the speciesID 'E5*P5' of speciesReference ''.
2020-04-13 12:36:41,657 WARN o.s.j.x.p.SBMLCoreParser [main] No Species matches the speciesID 'E5*' of speciesReference ''.
2020-04-13 12:36:41,658 WARN o.s.j.x.p.SBMLCoreParser [main] No Species matches the speciesID 'E5*P5' of speciesReference ''.
2020-04-13 12:36:41,658 WARN o.s.j.x.p.SBMLCoreParser [main] No Species matches the speciesID 'E0*' of speciesReference ''.
2020-04-13 12:36:41,658 WARN o.s.j.x.p.SBMLCoreParser [main] No Species matches the speciesID 'E4*' of speciesReference ''.
2020-04-13 12:36:41,658 WARN o.s.j.x.p.SBMLCoreParser [main] No Species matches the speciesID 'E0*E4*' of speciesReference ''.
2020-04-13 12:36:41,658 WARN o.s.j.x.p.SBMLCoreParser [main] No Species matches the speciesID 'E0*E4*' of speciesReference ''.
2020-04-13 12:36:41,659 WARN o.s.j.x.p.SBMLCoreParser [main] No Species matches the speciesID 'E0*' of speciesReference ''.
2020-04-13 12:36:41,659 WARN o.s.j.x.p.SBMLCoreParser [main] No Species matches the speciesID 'E4*' of speciesReference ''.
2020-04-13 12:36:41,659 WARN o.s.j.x.p.SBMLCoreParser [main] No Species matches the speciesID 'E0*E4*' of speciesReference ''.
2020-04-13 12:36:41,659 WARN o.s.j.x.p.SBMLCoreParser [main] No Species matches the speciesID 'E4*' of speciesReference ''.
2020-04-13 12:36:41,659 WARN o.s.j.x.p.SBMLCoreParser [main] No Species matches the speciesID 'C*A1' of speciesReference ''.
2020-04-13 12:36:41,660 WARN o.s.j.x.p.SBMLCoreParser [main] No Species matches the speciesID 'A2-' of speciesReference ''.
2020-04-13 12:36:41,660 WARN o.s.j.x.p.SBMLCoreParser [main] No Species matches the speciesID 'E2*' of speciesReference ''.
2020-04-13 12:36:41,660 WARN o.s.j.x.p.SBMLCoreParser [main] No Species matches the speciesID 'E4*' of speciesReference ''.
2020-04-13 12:36:41,660 WARN o.s.j.x.p.SBMLCoreParser [main] No Species matches the speciesID 'E2*E4*' of speciesReference ''.
2020-04-13 12:36:41,660 WARN o.s.j.x.p.SBMLCoreParser [main] No Species matches the speciesID 'E2*E4*' of speciesReference ''.
2020-04-13 12:36:41,661 WARN o.s.j.x.p.SBMLCoreParser [main] No Species matches the speciesID 'E2*' of speciesReference ''.
2020-04-13 12:36:41,661 WARN o.s.j.x.p.SBMLCoreParser [main] No Species matches the speciesID 'E4*' of speciesReference ''.
2020-04-13 12:36:41,661 WARN o.s.j.x.p.SBMLCoreParser [main] No Species matches the speciesID 'E2*E4*' of speciesReference ''.
2020-04-13 12:36:41,661 WARN o.s.j.x.p.SBMLCoreParser [main] No Species matches the speciesID 'E4*' of speciesReference ''.
2020-04-13 12:36:41,661 WARN o.s.j.x.p.SBMLCoreParser [main] No Species matches the speciesID 'E2-' of speciesReference ''.
2020-05-03 15:14:38,560 WARN o.s.j.x.p.SBMLCoreParser [main] No Species matches the speciesID 'C*' of speciesReference ''.
2020-05-03 15:14:38,615 WARN o.s.j.x.p.SBMLCoreParser [main] No Species matches the speciesID 'C*' of speciesReference ''.
2020-05-03 15:14:38,615 WARN o.s.j.x.p.SBMLCoreParser [main] No Species matches the speciesID 'C*' of speciesReference ''.
2020-05-03 15:14:38,616 WARN o.s.j.x.p.SBMLCoreParser [main] No Species matches the speciesID 'C*A1' of speciesReference ''.
2020-05-03 15:14:38,616 WARN o.s.j.x.p.SBMLCoreParser [main] No Species matches the speciesID 'C*A1' of speciesReference ''.
2020-05-03 15:14:38,616 WARN o.s.j.x.p.SBMLCoreParser [main] No Species matches the speciesID 'C*' of speciesReference ''.
2020-05-03 15:14:38,616 WARN o.s.j.x.p.SBMLCoreParser [main] No Species matches the speciesID 'C*A1' of speciesReference ''.
2020-05-03 15:14:38,617 WARN o.s.j.x.p.SBMLCoreParser [main] No Species matches the speciesID 'E0*' of speciesReference ''.
2020-05-03 15:14:38,617 WARN o.s.j.x.p.SBMLCoreParser [main] No Species matches the speciesID 'E0*' of speciesReference ''.
2020-05-03 15:14:38,617 WARN o.s.j.x.p.SBMLCoreParser [main] No Species matches the speciesID 'C*A1' of speciesReference ''.
2020-05-03 15:14:38,617 WARN o.s.j.x.p.SBMLCoreParser [main] No Species matches the speciesID 'C*' of speciesReference ''.
2020-05-03 15:14:38,617 WARN o.s.j.x.p.SBMLCoreParser [main] No Species matches the speciesID 'E0*' of speciesReference ''.
2020-05-03 15:14:38,618 WARN o.s.j.x.p.SBMLCoreParser [main] No Species matches the speciesID 'E0*' of speciesReference ''.
2020-05-03 15:14:38,618 WARN o.s.j.x.p.SBMLCoreParser [main] No Species matches the speciesID 'C*' of speciesReference ''.
2020-05-03 15:14:38,618 WARN o.s.j.x.p.SBMLCoreParser [main] No Species matches the speciesID 'E0*' of speciesReference ''.
2020-05-03 15:14:38,618 WARN o.s.j.x.p.SBMLCoreParser [main] No Species matches the speciesID 'E1E0*' of speciesReference ''.
2020-05-03 15:14:38,619 WARN o.s.j.x.p.SBMLCoreParser [main] No Species matches the speciesID 'E1E0*' of speciesReference ''.
2020-05-03 15:14:38,619 WARN o.s.j.x.p.SBMLCoreParser [main] No Species matches the speciesID 'E0*' of speciesReference ''.
2020-05-03 15:14:38,619 WARN o.s.j.x.p.SBMLCoreParser [main] No Species matches the speciesID 'E1E0*' of speciesReference ''.
2020-05-03 15:14:38,620 WARN o.s.j.x.p.SBMLCoreParser [main] No Species matches the speciesID 'E0*' of speciesReference ''.
2020-05-03 15:14:38,620 WARN o.s.j.x.p.SBMLCoreParser [main] No Species matches the speciesID 'E1*' of speciesReference ''.
2020-05-03 15:14:38,620 WARN o.s.j.x.p.SBMLCoreParser [main] No Species matches the speciesID 'E1*' of speciesReference ''.
2020-05-03 15:14:38,620 WARN o.s.j.x.p.SBMLCoreParser [main] No Species matches the speciesID 'E1*P1' of speciesReference ''.
2020-05-03 15:14:38,620 WARN o.s.j.x.p.SBMLCoreParser [main] No Species matches the speciesID 'E1*P1' of speciesReference ''.
2020-05-03 15:14:38,621 WARN o.s.j.x.p.SBMLCoreParser [main] No Species matches the speciesID 'E1*' of speciesReference ''.
2020-05-03 15:14:38,621 WARN o.s.j.x.p.SBMLCoreParser [main] No Species matches the speciesID 'E1*P1' of speciesReference ''.
2020-05-03 15:14:38,621 WARN o.s.j.x.p.SBMLCoreParser [main] No Species matches the speciesID 'E1*' of speciesReference ''.
2020-05-03 15:14:38,621 WARN o.s.j.x.p.SBMLCoreParser [main] No Species matches the speciesID 'E2E1*' of speciesReference ''.
2020-05-03 15:14:38,621 WARN o.s.j.x.p.SBMLCoreParser [main] No Species matches the speciesID 'E2E1*' of speciesReference ''.
2020-05-03 15:14:38,622 WARN o.s.j.x.p.SBMLCoreParser [main] No Species matches the speciesID 'E1*' of speciesReference ''.
2020-05-03 15:14:38,622 WARN o.s.j.x.p.SBMLCoreParser [main] No Species matches the speciesID 'E2E1*' of speciesReference ''.
2020-05-03 15:14:38,622 WARN o.s.j.x.p.SBMLCoreParser [main] No Species matches the speciesID 'E1*' of speciesReference ''.
2020-05-03 15:14:38,622 WARN o.s.j.x.p.SBMLCoreParser [main] No Species matches the speciesID 'E2*' of speciesReference ''.
2020-05-03 15:14:38,622 WARN o.s.j.x.p.SBMLCoreParser [main] No Species matches the speciesID 'E2*' of speciesReference ''.
2020-05-03 15:14:38,622 WARN o.s.j.x.p.SBMLCoreParser [main] No Species matches the speciesID 'E2*P2' of speciesReference ''.
2020-05-03 15:14:38,623 WARN o.s.j.x.p.SBMLCoreParser [main] No Species matches the speciesID 'E2*P2' of speciesReference ''.
2020-05-03 15:14:38,623 WARN o.s.j.x.p.SBMLCoreParser [main] No Species matches the speciesID 'E2*' of speciesReference ''.
2020-05-03 15:14:38,623 WARN o.s.j.x.p.SBMLCoreParser [main] No Species matches the speciesID 'E2*P2' of speciesReference ''.
2020-05-03 15:14:38,623 WARN o.s.j.x.p.SBMLCoreParser [main] No Species matches the speciesID 'E2*' of speciesReference ''.
2020-05-03 15:14:38,623 WARN o.s.j.x.p.SBMLCoreParser [main] No Species matches the speciesID 'E3E2*' of speciesReference ''.
2020-05-03 15:14:38,623 WARN o.s.j.x.p.SBMLCoreParser [main] No Species matches the speciesID 'E3E2*' of speciesReference ''.
2020-05-03 15:14:38,624 WARN o.s.j.x.p.SBMLCoreParser [main] No Species matches the speciesID 'E2*' of speciesReference ''.
2020-05-03 15:14:38,624 WARN o.s.j.x.p.SBMLCoreParser [main] No Species matches the speciesID 'E3E2*' of speciesReference ''.
2020-05-03 15:14:38,624 WARN o.s.j.x.p.SBMLCoreParser [main] No Species matches the speciesID 'E2*' of speciesReference ''.
2020-05-03 15:14:38,624 WARN o.s.j.x.p.SBMLCoreParser [main] No Species matches the speciesID 'E3*' of speciesReference ''.
2020-05-03 15:14:38,624 WARN o.s.j.x.p.SBMLCoreParser [main] No Species matches the speciesID 'E3*' of speciesReference ''.
2020-05-03 15:14:38,624 WARN o.s.j.x.p.SBMLCoreParser [main] No Species matches the speciesID 'E3*P3' of speciesReference ''.
2020-05-03 15:14:38,625 WARN o.s.j.x.p.SBMLCoreParser [main] No Species matches the speciesID 'E3*P3' of speciesReference ''.
2020-05-03 15:14:38,625 WARN o.s.j.x.p.SBMLCoreParser [main] No Species matches the speciesID 'E3*' of speciesReference ''.
2020-05-03 15:14:38,625 WARN o.s.j.x.p.SBMLCoreParser [main] No Species matches the speciesID 'E3*P3' of speciesReference ''.
2020-05-03 15:14:38,625 WARN o.s.j.x.p.SBMLCoreParser [main] No Species matches the speciesID 'E3*' of speciesReference ''.
2020-05-03 15:14:38,625 WARN o.s.j.x.p.SBMLCoreParser [main] No Species matches the speciesID 'E4E3*' of speciesReference ''.
2020-05-03 15:14:38,626 WARN o.s.j.x.p.SBMLCoreParser [main] No Species matches the speciesID 'E4E3*' of speciesReference ''.
2020-05-03 15:14:38,626 WARN o.s.j.x.p.SBMLCoreParser [main] No Species matches the speciesID 'E3*' of speciesReference ''.
2020-05-03 15:14:38,626 WARN o.s.j.x.p.SBMLCoreParser [main] No Species matches the speciesID 'E4E3*' of speciesReference ''.
2020-05-03 15:14:38,626 WARN o.s.j.x.p.SBMLCoreParser [main] No Species matches the speciesID 'E3*' of speciesReference ''.
2020-05-03 15:14:38,626 WARN o.s.j.x.p.SBMLCoreParser [main] No Species matches the speciesID 'E4*' of speciesReference ''.
2020-05-03 15:14:38,626 WARN o.s.j.x.p.SBMLCoreParser [main] No Species matches the speciesID 'E4*' of speciesReference ''.
2020-05-03 15:14:38,627 WARN o.s.j.x.p.SBMLCoreParser [main] No Species matches the speciesID 'E4*P4' of speciesReference ''.
2020-05-03 15:14:38,627 WARN o.s.j.x.p.SBMLCoreParser [main] No Species matches the speciesID 'E4*P4' of speciesReference ''.
2020-05-03 15:14:38,627 WARN o.s.j.x.p.SBMLCoreParser [main] No Species matches the speciesID 'E4*' of speciesReference ''.
2020-05-03 15:14:38,627 WARN o.s.j.x.p.SBMLCoreParser [main] No Species matches the speciesID 'E4*P4' of speciesReference ''.
2020-05-03 15:14:38,627 WARN o.s.j.x.p.SBMLCoreParser [main] No Species matches the speciesID 'E4*' of speciesReference ''.
2020-05-03 15:14:38,627 WARN o.s.j.x.p.SBMLCoreParser [main] No Species matches the speciesID 'E5E4*' of speciesReference ''.
2020-05-03 15:14:38,628 WARN o.s.j.x.p.SBMLCoreParser [main] No Species matches the speciesID 'E5E4*' of speciesReference ''.
2020-05-03 15:14:38,628 WARN o.s.j.x.p.SBMLCoreParser [main] No Species matches the speciesID 'E4*' of speciesReference ''.
2020-05-03 15:14:38,628 WARN o.s.j.x.p.SBMLCoreParser [main] No Species matches the speciesID 'E5E4*' of speciesReference ''.
2020-05-03 15:14:38,628 WARN o.s.j.x.p.SBMLCoreParser [main] No Species matches the speciesID 'E4*' of speciesReference ''.
2020-05-03 15:14:38,628 WARN o.s.j.x.p.SBMLCoreParser [main] No Species matches the speciesID 'E5*' of speciesReference ''.
2020-05-03 15:14:38,628 WARN o.s.j.x.p.SBMLCoreParser [main] No Species matches the speciesID 'E5*' of speciesReference ''.
2020-05-03 15:14:38,629 WARN o.s.j.x.p.SBMLCoreParser [main] No Species matches the speciesID 'E5*P5' of speciesReference ''.
2020-05-03 15:14:38,629 WARN o.s.j.x.p.SBMLCoreParser [main] No Species matches the speciesID 'E5*P5' of speciesReference ''.
2020-05-03 15:14:38,629 WARN o.s.j.x.p.SBMLCoreParser [main] No Species matches the speciesID 'E5*' of speciesReference ''.
2020-05-03 15:14:38,629 WARN o.s.j.x.p.SBMLCoreParser [main] No Species matches the speciesID 'E5*P5' of speciesReference ''.
2020-05-03 15:14:38,629 WARN o.s.j.x.p.SBMLCoreParser [main] No Species matches the speciesID 'E0*' of speciesReference ''.
2020-05-03 15:14:38,629 WARN o.s.j.x.p.SBMLCoreParser [main] No Species matches the speciesID 'E4*' of speciesReference ''.
2020-05-03 15:14:38,630 WARN o.s.j.x.p.SBMLCoreParser [main] No Species matches the speciesID 'E0*E4*' of speciesReference ''.
2020-05-03 15:14:38,630 WARN o.s.j.x.p.SBMLCoreParser [main] No Species matches the speciesID 'E0*E4*' of speciesReference ''.
2020-05-03 15:14:38,630 WARN o.s.j.x.p.SBMLCoreParser [main] No Species matches the speciesID 'E0*' of speciesReference ''.
2020-05-03 15:14:38,630 WARN o.s.j.x.p.SBMLCoreParser [main] No Species matches the speciesID 'E4*' of speciesReference ''.
2020-05-03 15:14:38,630 WARN o.s.j.x.p.SBMLCoreParser [main] No Species matches the speciesID 'E0*E4*' of speciesReference ''.
2020-05-03 15:14:38,630 WARN o.s.j.x.p.SBMLCoreParser [main] No Species matches the speciesID 'E4*' of speciesReference ''.
2020-05-03 15:14:38,631 WARN o.s.j.x.p.SBMLCoreParser [main] No Species matches the speciesID 'C*A1' of speciesReference ''.
2020-05-03 15:14:38,631 WARN o.s.j.x.p.SBMLCoreParser [main] No Species matches the speciesID 'A2-' of speciesReference ''.
2020-05-03 15:14:38,631 WARN o.s.j.x.p.SBMLCoreParser [main] No Species matches the speciesID 'E2*' of speciesReference ''.
2020-05-03 15:14:38,631 WARN o.s.j.x.p.SBMLCoreParser [main] No Species matches the speciesID 'E4*' of speciesReference ''.
2020-05-03 15:14:38,631 WARN o.s.j.x.p.SBMLCoreParser [main] No Species matches the speciesID 'E2*E4*' of speciesReference ''.
2020-05-03 15:14:38,631 WARN o.s.j.x.p.SBMLCoreParser [main] No Species matches the speciesID 'E2*E4*' of speciesReference ''.
2020-05-03 15:14:38,631 WARN o.s.j.x.p.SBMLCoreParser [main] No Species matches the speciesID 'E2*' of speciesReference ''.
2020-05-03 15:14:38,632 WARN o.s.j.x.p.SBMLCoreParser [main] No Species matches the speciesID 'E4*' of speciesReference ''.
2020-05-03 15:14:38,632 WARN o.s.j.x.p.SBMLCoreParser [main] No Species matches the speciesID 'E2*E4*' of speciesReference ''.
2020-05-03 15:14:38,632 WARN o.s.j.x.p.SBMLCoreParser [main] No Species matches the speciesID 'E4*' of speciesReference ''.
2020-05-03 15:14:38,632 WARN o.s.j.x.p.SBMLCoreParser [main] No Species matches the speciesID 'E2-' of speciesReference ''.
